CMSIS_AGDI.DLL - CMSIS-DAP Driver Log

20:45:25:327 (13/01/2021) - START SEQUENCE "InitTarget", "default" - ID 0
20:45:25:327 (13/01/2021) - START SEQUENCE "InitInternals", "default" - ID 1
20:45:25:327 (13/01/2021) - START SEQUENCE "InitDriver", "default" - ID 2
20:45:25:327 (13/01/2021) - END SEQUENCE "InitDriver", "success" - ID 3
20:45:25:327 (13/01/2021) - START SEQUENCE "InitDebugger", "default" - ID 4
20:45:25:339 (13/01/2021) - END SEQUENCE "InitDebugger", "success" - ID 5
20:45:25:339 (13/01/2021) - END SEQUENCE "InitInternals", "success" - ID 6
20:45:25:339 (13/01/2021) - START SEQUENCE "DebugPortSetup", "default" - ID 7
20:45:25:368 (13/01/2021) - END SEQUENCE "DebugPortSetup", "failed" - ID 8
20:45:26:222 (13/01/2021) - END SEQUENCE "InitTarget", "failed" - ID 9
20:45:26:222 (13/01/2021) - START SEQUENCE "StopTarget", "default" - ID 10
  20:45:26:224 (13/01/2021) - READ  AP  Access, AP 0x00000000, Addr 0x000000FC, Val 0xFFFFFFFF, "SWD Read AP - FAILED" - ID 0
20:45:26:224 (13/01/2021) - WRITE MEM BLOCK Access, AP 0x00000000, Start Addr 0x00000000, End Addr 0x00000007, "DAP Write Memory Block - FAILED" - ID 1
20:45:26:224 (13/01/2021) - START SEQUENCE "_UnInitTrace", "default" - ID 11
20:45:26:224 (13/01/2021) - END SEQUENCE "_UnInitTrace", "success" - ID 12
20:45:26:224 (13/01/2021) - START SEQUENCE "UnInitDebugger", "default" - ID 13
20:45:26:225 (13/01/2021) - END SEQUENCE "UnInitDebugger", "success" - ID 14
20:45:26:225 (13/01/2021) - START SEQUENCE "_UnInitDriver", "default" - ID 15
20:45:26:225 (13/01/2021) - END SEQUENCE "_UnInitDriver", "success" - ID 16
20:45:26:225 (13/01/2021) - END SEQUENCE "StopTarget", "success" - ID 17
